TN:
SF:src/logger.js
FN:2,(anonymous_0)
FN:7,(anonymous_1)
FN:10,(anonymous_2)
FNF:3
FNH:0
FNDA:0,(anonymous_0)
FNDA:0,(anonymous_1)
FNDA:0,(anonymous_2)
DA:1,2
DA:3,0
DA:4,0
DA:8,0
DA:11,0
DA:15,2
LF:6
LH:2
BRDA:3,0,0,0
BRDA:3,0,1,0
BRF:2
BRH:0
end_of_record
TN:
SF:src/server.js
FN:36,(anonymous_0)
FN:44,(anonymous_1)
FN:54,(anonymous_2)
FN:61,(anonymous_3)
FN:75,(anonymous_4)
FN:76,(anonymous_5)
FN:84,(anonymous_6)
FN:85,(anonymous_7)
FN:89,(anonymous_8)
FN:109,(anonymous_9)
FN:113,(anonymous_10)
FN:129,(anonymous_11)
FN:131,(anonymous_12)
FN:142,(anonymous_13)
FN:147,(anonymous_14)
FNF:15
FNH:11
FNDA:28,(anonymous_0)
FNDA:24,(anonymous_1)
FNDA:7,(anonymous_2)
FNDA:4,(anonymous_3)
FNDA:0,(anonymous_4)
FNDA:0,(anonymous_5)
FNDA:2,(anonymous_6)
FNDA:12,(anonymous_7)
FNDA:13,(anonymous_8)
FNDA:5,(anonymous_9)
FNDA:30,(anonymous_10)
FNDA:3,(anonymous_11)
FNDA:32,(anonymous_12)
FNDA:0,(anonymous_13)
FNDA:0,(anonymous_14)
DA:1,2
DA:2,2
DA:3,2
DA:4,2
DA:5,2
DA:6,2
DA:8,2
DA:9,2
DA:10,2
DA:12,2
DA:13,2
DA:15,2
DA:24,2
DA:36,2
DA:37,28
DA:38,28
DA:40,28
DA:41,4
DA:44,24
DA:45,24
DA:46,1
DA:48,23
DA:49,23
DA:54,2
DA:55,7
DA:57,7
DA:58,3
DA:61,4
DA:62,4
DA:63,1
DA:66,3
DA:67,3
DA:68,1
DA:71,2
DA:72,2
DA:75,2
DA:76,0
DA:77,0
DA:78,0
DA:80,0
DA:84,2
DA:85,12
DA:86,2
DA:89,2
DA:90,13
DA:92,13
DA:93,1
DA:96,12
DA:105,12
DA:106,12
DA:109,2
DA:110,5
DA:111,5
DA:113,30
DA:115,5
DA:116,1
DA:119,4
DA:126,4
DA:129,2
DA:130,3
DA:131,32
DA:133,3
DA:134,1
DA:137,2
DA:138,2
DA:142,2
DA:143,0
DA:146,2
DA:147,0
DA:148,0
DA:152,2
LF:71
LH:64
BRDA:9,0,0,2
BRDA:9,0,1,2
BRDA:10,1,0,2
BRDA:10,1,1,2
BRDA:38,2,0,28
BRDA:38,2,1,24
BRDA:40,3,0,4
BRDA:40,3,1,24
BRDA:45,4,0,1
BRDA:45,4,1,23
BRDA:57,5,0,3
BRDA:57,5,1,4
BRDA:57,6,0,7
BRDA:57,6,1,5
BRDA:62,7,0,1
BRDA:62,7,1,3
BRDA:67,8,0,1
BRDA:67,8,1,2
BRDA:77,9,0,0
BRDA:77,9,1,0
BRDA:92,10,0,1
BRDA:92,10,1,12
BRDA:99,11,0,12
BRDA:99,11,1,1
BRDA:113,12,0,30
BRDA:113,12,1,4
BRDA:115,13,0,1
BRDA:115,13,1,4
BRDA:121,14,0,4
BRDA:121,14,1,2
BRDA:122,15,0,2
BRDA:122,15,1,2
BRDA:123,16,0,2
BRDA:123,16,1,2
BRDA:131,17,0,32
BRDA:131,17,1,2
BRDA:133,18,0,1
BRDA:133,18,1,2
BRDA:146,19,0,0
BRDA:146,19,1,2
BRF:40
BRH:37
end_of_record
